2025-10-17 23:04:02,879 | INFO | Logging to log/Bi-LSTM_3_20251017-230402.log
2025-10-17 23:04:09,775 | INFO | Dataset windows: total=92894  pos=170  neg=92724  ratio=0.0018 (trunc_temp=160.0)
2025-10-17 23:04:09,843 | INFO | [Fold 1/5] test windows: total=17855  pos=40  neg=17815  ratio=0.0022 (trunc_temp=160.0)
2025-10-17 23:04:12,168 | INFO | [Fold 1/5][Epoch 1/10] train L1: 63.2319  val MAE: 17.1464  Support: neg=17815 pos=40  [improved]
2025-10-17 23:04:12,168 | INFO | [Fold 1/5][Epoch 1] Classification report (best so far):
              precision    recall  f1-score   support

         neg     0.9978    1.0000    0.9989     17815
         pos     0.0000    0.0000    0.0000        40

    accuracy                         0.9978     17855
   macro avg     0.4989    0.5000    0.4994     17855
weighted avg     0.9955    0.9978    0.9966     17855

2025-10-17 23:04:14,255 | INFO | [Fold 1/5][Epoch 2/10] train L1: 11.4159  val MAE: 7.0316  Support: neg=17815 pos=40  [improved]
2025-10-17 23:04:14,255 | INFO | [Fold 1/5][Epoch 2] Classification report (best so far):
              precision    recall  f1-score   support

         neg     0.9978    1.0000    0.9989     17815
         pos     0.0000    0.0000    0.0000        40

    accuracy                         0.9978     17855
   macro avg     0.4989    0.5000    0.4994     17855
weighted avg     0.9955    0.9978    0.9966     17855

2025-10-17 23:04:16,345 | INFO | [Fold 1/5][Epoch 3/10] train L1: 6.0189  val MAE: 5.7927  Support: neg=17815 pos=40  [improved]
2025-10-17 23:04:16,345 | INFO | [Fold 1/5][Epoch 3] Classification report (best so far):
              precision    recall  f1-score   support

         neg     0.9978    1.0000    0.9989     17815
         pos     0.0000    0.0000    0.0000        40

    accuracy                         0.9978     17855
   macro avg     0.4989    0.5000    0.4994     17855
weighted avg     0.9955    0.9978    0.9966     17855

2025-10-17 23:04:18,389 | INFO | [Fold 1/5][Epoch 4/10] train L1: 4.6803  val MAE: 3.2107  Support: neg=17815 pos=40  [improved]
2025-10-17 23:04:18,389 | INFO | [Fold 1/5][Epoch 4] Classification report (best so far):
              precision    recall  f1-score   support

         neg     0.9978    1.0000    0.9989     17815
         pos     0.0000    0.0000    0.0000        40

    accuracy                         0.9978     17855
   macro avg     0.4989    0.5000    0.4994     17855
weighted avg     0.9955    0.9978    0.9966     17855

2025-10-17 23:04:20,479 | INFO | [Fold 1/5][Epoch 5/10] train L1: 4.0053  val MAE: 2.8815  Support: neg=17815 pos=40  [improved]
2025-10-17 23:04:20,479 | INFO | [Fold 1/5][Epoch 5] Classification report (best so far):
              precision    recall  f1-score   support

         neg     0.9978    1.0000    0.9989     17815
         pos     0.0000    0.0000    0.0000        40

    accuracy                         0.9978     17855
   macro avg     0.4989    0.5000    0.4994     17855
weighted avg     0.9955    0.9978    0.9966     17855

2025-10-17 23:04:22,560 | INFO | [Fold 1/5][Epoch 6/10] train L1: 3.8826  val MAE: 6.0165  Support: neg=17815 pos=40
2025-10-17 23:04:24,651 | INFO | [Fold 1/5][Epoch 7/10] train L1: 3.6273  val MAE: 2.3986  Support: neg=17815 pos=40  [improved]
2025-10-17 23:04:24,651 | INFO | [Fold 1/5][Epoch 7] Classification report (best so far):
              precision    recall  f1-score   support

         neg     0.9978    1.0000    0.9989     17815
         pos     0.0000    0.0000    0.0000        40

    accuracy                         0.9978     17855
   macro avg     0.4989    0.5000    0.4994     17855
weighted avg     0.9955    0.9978    0.9966     17855

2025-10-17 23:04:26,644 | INFO | [Fold 1/5][Epoch 8/10] train L1: 3.4117  val MAE: 2.7470  Support: neg=17815 pos=40
2025-10-17 23:04:28,639 | INFO | [Fold 1/5][Epoch 9/10] train L1: 3.2701  val MAE: 4.6660  Support: neg=17815 pos=40
2025-10-17 23:04:30,614 | INFO | [Fold 1/5][Epoch 10/10] train L1: 3.2272  val MAE: 2.4554  Support: neg=17815 pos=40
2025-10-17 23:04:30,614 | INFO | [Fold 1/5] Best@Epoch 7: MAE=2.3986  Support: neg=17815  pos=40
2025-10-17 23:04:30,614 | INFO | [Fold 1/5] Best Classification report:
              precision    recall  f1-score   support

         neg     0.9978    1.0000    0.9989     17815
         pos     0.0000    0.0000    0.0000        40

    accuracy                         0.9978     17855
   macro avg     0.4989    0.5000    0.4994     17855
weighted avg     0.9955    0.9978    0.9966     17855

2025-10-17 23:04:30,680 | INFO | [Fold 2/5] test windows: total=17037  pos=45  neg=16992  ratio=0.0026 (trunc_temp=160.0)
2025-10-17 23:04:32,778 | INFO | [Fold 2/5][Epoch 1/10] train L1: 60.1178  val MAE: 20.3569  Support: neg=16992 pos=45  [improved]
2025-10-17 23:04:32,778 | INFO | [Fold 2/5][Epoch 1] Classification report (best so far):
              precision    recall  f1-score   support

         neg     0.9974    1.0000    0.9987     16992
         pos     0.0000    0.0000    0.0000        45

    accuracy                         0.9974     17037
   macro avg     0.4987    0.5000    0.4993     17037
weighted avg     0.9947    0.9974    0.9960     17037

2025-10-17 23:04:34,856 | INFO | [Fold 2/5][Epoch 2/10] train L1: 10.2509  val MAE: 6.5180  Support: neg=16992 pos=45  [improved]
2025-10-17 23:04:34,856 | INFO | [Fold 2/5][Epoch 2] Classification report (best so far):
              precision    recall  f1-score   support

         neg     0.9974    1.0000    0.9987     16992
         pos     0.0000    0.0000    0.0000        45

    accuracy                         0.9974     17037
   macro avg     0.4987    0.5000    0.4993     17037
weighted avg     0.9947    0.9974    0.9960     17037

2025-10-17 23:04:36,939 | INFO | [Fold 2/5][Epoch 3/10] train L1: 5.2693  val MAE: 3.8662  Support: neg=16992 pos=45  [improved]
2025-10-17 23:04:36,939 | INFO | [Fold 2/5][Epoch 3] Classification report (best so far):
              precision    recall  f1-score   support

         neg     0.9974    1.0000    0.9987     16992
         pos     0.0000    0.0000    0.0000        45

    accuracy                         0.9974     17037
   macro avg     0.4987    0.5000    0.4993     17037
weighted avg     0.9947    0.9974    0.9960     17037

2025-10-17 23:04:39,015 | INFO | [Fold 2/5][Epoch 4/10] train L1: 4.1817  val MAE: 8.0233  Support: neg=16992 pos=45
2025-10-17 23:04:41,132 | INFO | [Fold 2/5][Epoch 5/10] train L1: 3.7431  val MAE: 4.9170  Support: neg=16992 pos=45
2025-10-17 23:04:43,148 | INFO | [Fold 2/5][Epoch 6/10] train L1: 3.7082  val MAE: 4.3189  Support: neg=16992 pos=45
2025-10-17 23:04:45,233 | INFO | [Fold 2/5][Epoch 7/10] train L1: 3.4823  val MAE: 6.4698  Support: neg=16992 pos=45
2025-10-17 23:04:47,341 | INFO | [Fold 2/5][Epoch 8/10] train L1: 3.2728  val MAE: 3.0021  Support: neg=16992 pos=45  [improved]
2025-10-17 23:04:47,341 | INFO | [Fold 2/5][Epoch 8] Classification report (best so far):
              precision    recall  f1-score   support

         neg     0.9974    1.0000    0.9987     16992
         pos     0.0000    0.0000    0.0000        45

    accuracy                         0.9974     17037
   macro avg     0.4987    0.5000    0.4993     17037
weighted avg     0.9947    0.9974    0.9960     17037

2025-10-17 23:04:49,315 | INFO | [Fold 2/5][Epoch 9/10] train L1: 3.3155  val MAE: 3.4183  Support: neg=16992 pos=45
2025-10-17 23:04:51,324 | INFO | [Fold 2/5][Epoch 10/10] train L1: 3.0622  val MAE: 3.2436  Support: neg=16992 pos=45
2025-10-17 23:04:51,324 | INFO | [Fold 2/5] Best@Epoch 8: MAE=3.0021  Support: neg=16992  pos=45
2025-10-17 23:04:51,324 | INFO | [Fold 2/5] Best Classification report:
              precision    recall  f1-score   support

         neg     0.9974    1.0000    0.9987     16992
         pos     0.0000    0.0000    0.0000        45

    accuracy                         0.9974     17037
   macro avg     0.4987    0.5000    0.4993     17037
weighted avg     0.9947    0.9974    0.9960     17037

2025-10-17 23:04:51,395 | INFO | [Fold 3/5] test windows: total=18229  pos=25  neg=18204  ratio=0.0014 (trunc_temp=160.0)
2025-10-17 23:04:53,421 | INFO | [Fold 3/5][Epoch 1/10] train L1: 61.1128  val MAE: 16.0952  Support: neg=18204 pos=25  [improved]
2025-10-17 23:04:53,422 | INFO | [Fold 3/5][Epoch 1] Classification report (best so far):
              precision    recall  f1-score   support

         neg     0.9986    1.0000    0.9993     18204
         pos     0.0000    0.0000    0.0000        25

    accuracy                         0.9986     18229
   macro avg     0.4993    0.5000    0.4997     18229
weighted avg     0.9973    0.9986    0.9979     18229

2025-10-17 23:04:55,460 | INFO | [Fold 3/5][Epoch 2/10] train L1: 10.1914  val MAE: 8.5461  Support: neg=18204 pos=25  [improved]
2025-10-17 23:04:55,460 | INFO | [Fold 3/5][Epoch 2] Classification report (best so far):
              precision    recall  f1-score   support

         neg     0.9986    1.0000    0.9993     18204
         pos     0.0000    0.0000    0.0000        25

    accuracy                         0.9986     18229
   macro avg     0.4993    0.5000    0.4997     18229
weighted avg     0.9973    0.9986    0.9979     18229

2025-10-17 23:04:57,582 | INFO | [Fold 3/5][Epoch 3/10] train L1: 5.5897  val MAE: 3.9748  Support: neg=18204 pos=25  [improved]
2025-10-17 23:04:57,582 | INFO | [Fold 3/5][Epoch 3] Classification report (best so far):
              precision    recall  f1-score   support

         neg     0.9986    1.0000    0.9993     18204
         pos     0.0000    0.0000    0.0000        25

    accuracy                         0.9986     18229
   macro avg     0.4993    0.5000    0.4997     18229
weighted avg     0.9973    0.9986    0.9979     18229

2025-10-17 23:04:59,672 | INFO | [Fold 3/5][Epoch 4/10] train L1: 4.3456  val MAE: 2.7438  Support: neg=18204 pos=25  [improved]
2025-10-17 23:04:59,672 | INFO | [Fold 3/5][Epoch 4] Classification report (best so far):
              precision    recall  f1-score   support

         neg     0.9986    1.0000    0.9993     18204
         pos     0.0000    0.0000    0.0000        25

    accuracy                         0.9986     18229
   macro avg     0.4993    0.5000    0.4997     18229
weighted avg     0.9973    0.9986    0.9979     18229

2025-10-17 23:05:01,708 | INFO | [Fold 3/5][Epoch 5/10] train L1: 3.8324  val MAE: 7.1802  Support: neg=18204 pos=25
2025-10-17 23:05:03,792 | INFO | [Fold 3/5][Epoch 6/10] train L1: 3.6593  val MAE: 4.5764  Support: neg=18204 pos=25
2025-10-17 23:05:05,884 | INFO | [Fold 3/5][Epoch 7/10] train L1: 3.4583  val MAE: 2.8883  Support: neg=18204 pos=25
2025-10-17 23:05:07,871 | INFO | [Fold 3/5][Epoch 8/10] train L1: 3.3510  val MAE: 2.2851  Support: neg=18204 pos=25  [improved]
2025-10-17 23:05:07,872 | INFO | [Fold 3/5][Epoch 8] Classification report (best so far):
              precision    recall  f1-score   support

         neg     0.9987    1.0000    0.9993     18204
         pos     1.0000    0.0400    0.0769        25

    accuracy                         0.9987     18229
   macro avg     0.9993    0.5200    0.5381     18229
weighted avg     0.9987    0.9987    0.9981     18229

2025-10-17 23:05:09,872 | INFO | [Fold 3/5][Epoch 9/10] train L1: 3.3821  val MAE: 2.6526  Support: neg=18204 pos=25
2025-10-17 23:05:11,924 | INFO | [Fold 3/5][Epoch 10/10] train L1: 3.0942  val MAE: 2.5372  Support: neg=18204 pos=25
2025-10-17 23:05:11,924 | INFO | [Fold 3/5] Best@Epoch 8: MAE=2.2851  Support: neg=18204  pos=25
2025-10-17 23:05:11,930 | INFO | [Fold 3/5] Best Classification report:
              precision    recall  f1-score   support

         neg     0.9987    1.0000    0.9993     18204
         pos     1.0000    0.0400    0.0769        25

    accuracy                         0.9987     18229
   macro avg     0.9993    0.5200    0.5381     18229
weighted avg     0.9987    0.9987    0.9981     18229

2025-10-17 23:05:12,013 | INFO | [Fold 4/5] test windows: total=21432  pos=28  neg=21404  ratio=0.0013 (trunc_temp=160.0)
2025-10-17 23:05:14,067 | INFO | [Fold 4/5][Epoch 1/10] train L1: 65.6559  val MAE: 15.3329  Support: neg=21404 pos=28  [improved]
2025-10-17 23:05:14,067 | INFO | [Fold 4/5][Epoch 1] Classification report (best so far):
              precision    recall  f1-score   support

         neg     0.9987    1.0000    0.9993     21404
         pos     0.0000    0.0000    0.0000        28

    accuracy                         0.9987     21432
   macro avg     0.4993    0.5000    0.4997     21432
weighted avg     0.9974    0.9987    0.9980     21432

2025-10-17 23:05:16,123 | INFO | [Fold 4/5][Epoch 2/10] train L1: 11.7220  val MAE: 5.4316  Support: neg=21404 pos=28  [improved]
2025-10-17 23:05:16,123 | INFO | [Fold 4/5][Epoch 2] Classification report (best so far):
              precision    recall  f1-score   support

         neg     0.9987    1.0000    0.9993     21404
         pos     0.0000    0.0000    0.0000        28

    accuracy                         0.9987     21432
   macro avg     0.4993    0.5000    0.4997     21432
weighted avg     0.9974    0.9987    0.9980     21432

2025-10-17 23:05:18,173 | INFO | [Fold 4/5][Epoch 3/10] train L1: 6.0920  val MAE: 4.3913  Support: neg=21404 pos=28  [improved]
2025-10-17 23:05:18,173 | INFO | [Fold 4/5][Epoch 3] Classification report (best so far):
              precision    recall  f1-score   support

         neg     0.9987    1.0000    0.9993     21404
         pos     0.0000    0.0000    0.0000        28

    accuracy                         0.9987     21432
   macro avg     0.4993    0.5000    0.4997     21432
weighted avg     0.9974    0.9987    0.9980     21432

2025-10-17 23:05:20,222 | INFO | [Fold 4/5][Epoch 4/10] train L1: 4.3709  val MAE: 3.6232  Support: neg=21404 pos=28  [improved]
2025-10-17 23:05:20,222 | INFO | [Fold 4/5][Epoch 4] Classification report (best so far):
              precision    recall  f1-score   support

         neg     0.9987    1.0000    0.9993     21404
         pos     0.0000    0.0000    0.0000        28

    accuracy                         0.9987     21432
   macro avg     0.4993    0.5000    0.4997     21432
weighted avg     0.9974    0.9987    0.9980     21432

2025-10-17 23:05:22,269 | INFO | [Fold 4/5][Epoch 5/10] train L1: 4.1704  val MAE: 5.5800  Support: neg=21404 pos=28
2025-10-17 23:05:24,319 | INFO | [Fold 4/5][Epoch 6/10] train L1: 3.4822  val MAE: 5.1476  Support: neg=21404 pos=28
2025-10-17 23:05:26,289 | INFO | [Fold 4/5][Epoch 7/10] train L1: 3.5571  val MAE: 4.3806  Support: neg=21404 pos=28
2025-10-17 23:05:28,219 | INFO | [Fold 4/5][Epoch 8/10] train L1: 3.3000  val MAE: 2.6413  Support: neg=21404 pos=28  [improved]
2025-10-17 23:05:28,219 | INFO | [Fold 4/5][Epoch 8] Classification report (best so far):
              precision    recall  f1-score   support

         neg     0.9987    1.0000    0.9993     21404
         pos     0.0000    0.0000    0.0000        28

    accuracy                         0.9987     21432
   macro avg     0.4993    0.5000    0.4997     21432
weighted avg     0.9974    0.9987    0.9980     21432

2025-10-17 23:05:30,274 | INFO | [Fold 4/5][Epoch 9/10] train L1: 3.2844  val MAE: 7.5162  Support: neg=21404 pos=28
2025-10-17 23:05:32,325 | INFO | [Fold 4/5][Epoch 10/10] train L1: 3.1266  val MAE: 2.3466  Support: neg=21404 pos=28  [improved]
2025-10-17 23:05:32,325 | INFO | [Fold 4/5][Epoch 10] Classification report (best so far):
              precision    recall  f1-score   support

         neg     0.9987    1.0000    0.9993     21404
         pos     0.0000    0.0000    0.0000        28

    accuracy                         0.9987     21432
   macro avg     0.4993    0.5000    0.4997     21432
weighted avg     0.9974    0.9987    0.9980     21432

2025-10-17 23:05:32,325 | INFO | [Fold 4/5] Best@Epoch 10: MAE=2.3466  Support: neg=21404  pos=28
2025-10-17 23:05:32,325 | INFO | [Fold 4/5] Best Classification report:
              precision    recall  f1-score   support

         neg     0.9987    1.0000    0.9993     21404
         pos     0.0000    0.0000    0.0000        28

    accuracy                         0.9987     21432
   macro avg     0.4993    0.5000    0.4997     21432
weighted avg     0.9974    0.9987    0.9980     21432

2025-10-17 23:05:32,397 | INFO | [Fold 5/5] test windows: total=18341  pos=32  neg=18309  ratio=0.0017 (trunc_temp=160.0)
2025-10-17 23:05:34,483 | INFO | [Fold 5/5][Epoch 1/10] train L1: 59.8945  val MAE: 16.2598  Support: neg=18309 pos=32  [improved]
2025-10-17 23:05:34,484 | INFO | [Fold 5/5][Epoch 1] Classification report (best so far):
              precision    recall  f1-score   support

         neg     0.9983    1.0000    0.9991     18309
         pos     0.0000    0.0000    0.0000        32

    accuracy                         0.9983     18341
   macro avg     0.4991    0.5000    0.4996     18341
weighted avg     0.9965    0.9983    0.9974     18341

2025-10-17 23:05:36,578 | INFO | [Fold 5/5][Epoch 2/10] train L1: 10.9719  val MAE: 8.9487  Support: neg=18309 pos=32  [improved]
2025-10-17 23:05:36,578 | INFO | [Fold 5/5][Epoch 2] Classification report (best so far):
              precision    recall  f1-score   support

         neg     0.9983    1.0000    0.9991     18309
         pos     0.0000    0.0000    0.0000        32

    accuracy                         0.9983     18341
   macro avg     0.4991    0.5000    0.4996     18341
weighted avg     0.9965    0.9983    0.9974     18341

2025-10-17 23:05:38,648 | INFO | [Fold 5/5][Epoch 3/10] train L1: 5.5939  val MAE: 4.2168  Support: neg=18309 pos=32  [improved]
2025-10-17 23:05:38,648 | INFO | [Fold 5/5][Epoch 3] Classification report (best so far):
              precision    recall  f1-score   support

         neg     0.9983    1.0000    0.9991     18309
         pos     0.0000    0.0000    0.0000        32

    accuracy                         0.9983     18341
   macro avg     0.4991    0.5000    0.4996     18341
weighted avg     0.9965    0.9983    0.9974     18341

2025-10-17 23:05:40,641 | INFO | [Fold 5/5][Epoch 4/10] train L1: 4.1603  val MAE: 4.3669  Support: neg=18309 pos=32
2025-10-17 23:05:42,698 | INFO | [Fold 5/5][Epoch 5/10] train L1: 3.8001  val MAE: 3.9776  Support: neg=18309 pos=32  [improved]
2025-10-17 23:05:42,698 | INFO | [Fold 5/5][Epoch 5] Classification report (best so far):
              precision    recall  f1-score   support

         neg     0.9983    1.0000    0.9991     18309
         pos     0.0000    0.0000    0.0000        32

    accuracy                         0.9983     18341
   macro avg     0.4991    0.5000    0.4996     18341
weighted avg     0.9965    0.9983    0.9974     18341

2025-10-17 23:05:44,663 | INFO | [Fold 5/5][Epoch 6/10] train L1: 3.5340  val MAE: 3.0088  Support: neg=18309 pos=32  [improved]
2025-10-17 23:05:44,663 | INFO | [Fold 5/5][Epoch 6] Classification report (best so far):
              precision    recall  f1-score   support

         neg     0.9983    1.0000    0.9991     18309
         pos     0.0000    0.0000    0.0000        32

    accuracy                         0.9983     18341
   macro avg     0.4991    0.5000    0.4996     18341
weighted avg     0.9965    0.9983    0.9974     18341

2025-10-17 23:05:46,649 | INFO | [Fold 5/5][Epoch 7/10] train L1: 3.4547  val MAE: 2.7248  Support: neg=18309 pos=32  [improved]
2025-10-17 23:05:46,649 | INFO | [Fold 5/5][Epoch 7] Classification report (best so far):
              precision    recall  f1-score   support

         neg     0.9983    1.0000    0.9991     18309
         pos     0.0000    0.0000    0.0000        32

    accuracy                         0.9983     18341
   macro avg     0.4991    0.5000    0.4996     18341
weighted avg     0.9965    0.9983    0.9974     18341

2025-10-17 23:05:48,698 | INFO | [Fold 5/5][Epoch 8/10] train L1: 3.3247  val MAE: 2.7597  Support: neg=18309 pos=32
2025-10-17 23:05:50,731 | INFO | [Fold 5/5][Epoch 9/10] train L1: 3.1969  val MAE: 3.2051  Support: neg=18309 pos=32
2025-10-17 23:05:52,820 | INFO | [Fold 5/5][Epoch 10/10] train L1: 3.0918  val MAE: 3.9947  Support: neg=18309 pos=32
2025-10-17 23:05:52,820 | INFO | [Fold 5/5] Best@Epoch 7: MAE=2.7248  Support: neg=18309  pos=32
2025-10-17 23:05:52,820 | INFO | [Fold 5/5] Best Classification report:
              precision    recall  f1-score   support

         neg     0.9983    1.0000    0.9991     18309
         pos     0.0000    0.0000    0.0000        32

    accuracy                         0.9983     18341
   macro avg     0.4991    0.5000    0.4996     18341
weighted avg     0.9965    0.9983    0.9974     18341

2025-10-17 23:05:52,820 | INFO | ========== 5-fold CV Summary =========
2025-10-17 23:05:52,820 | INFO | MAE:  mean=2.5514  folds=['2.3986', '3.0021', '2.2851', '2.3466', '2.7248']
2025-10-17 23:05:52,820 | INFO | Support (total across folds): neg=92724  pos=170
